2023-06-01 17:32:18 DEBUG ProjectEnd:20 - Log Debug
2023-06-01 17:32:18 INFO  ProjectEnd:21 - Log Info
2023-06-01 17:32:18 ERROR ProjectEnd:22 - Log Error
2023-06-01 17:32:18 WARN  ProjectEnd:23 - Log Warn
2023-06-01 17:32:18 FATAL ProjectEnd:24 - Log Fatal
2023-06-01 17:56:56 DEBUG ProjectEnd:20 - Log Debug
2023-06-01 17:56:56 INFO  ProjectEnd:21 - Log Info
2023-06-01 17:56:56 ERROR ProjectEnd:22 - Log Error
2023-06-01 17:56:56 WARN  ProjectEnd:23 - Log Warn
2023-06-01 17:56:56 FATAL ProjectEnd:24 - Log Fatal
2023-06-01 18:06:02 DEBUG ProjectEnd:20 - Log Debug
2023-06-01 18:06:02 INFO  ProjectEnd:21 - Log Info
2023-06-01 18:06:02 ERROR ProjectEnd:22 - Log Error
2023-06-01 18:06:02 WARN  ProjectEnd:23 - Log Warn
2023-06-01 18:06:02 FATAL ProjectEnd:24 - Log Fatal
2023-06-01 18:07:44 DEBUG ProjectEnd:20 - Log Debug
2023-06-01 18:07:44 INFO  ProjectEnd:21 - Log Info
2023-06-01 18:07:44 ERROR ProjectEnd:22 - Log Error
2023-06-01 18:07:44 WARN  ProjectEnd:23 - Log Warn
2023-06-01 18:07:44 FATAL ProjectEnd:24 - Log Fatal
2023-06-01 18:10:01 DEBUG ProjectEnd:20 - Log Debug
2023-06-01 18:10:01 INFO  ProjectEnd:21 - Log Info
2023-06-01 18:10:01 ERROR ProjectEnd:22 - Log Error
2023-06-01 18:10:01 WARN  ProjectEnd:23 - Log Warn
2023-06-01 18:10:01 FATAL ProjectEnd:24 - Log Fatal
2023-06-01 18:16:49 DEBUG ProjectEnd:20 - Log Debug
2023-06-01 18:16:49 INFO  ProjectEnd:21 - Log Info
2023-06-01 18:16:49 ERROR ProjectEnd:22 - Log Error
2023-06-01 18:16:49 WARN  ProjectEnd:23 - Log Warn
2023-06-01 18:16:49 FATAL ProjectEnd:24 - Log Fatal
2023-06-01 18:20:43 DEBUG ProjectEnd:20 - Log Debug
2023-06-01 18:20:43 INFO  ProjectEnd:21 - Log Info
2023-06-01 18:20:43 ERROR ProjectEnd:22 - Log Error
2023-06-01 18:20:43 WARN  ProjectEnd:23 - Log Warn
2023-06-01 18:20:43 FATAL ProjectEnd:24 - Log Fatal
2023-06-01 18:23:41 DEBUG ProjectEnd:20 - Log Debug
2023-06-01 18:23:41 INFO  ProjectEnd:21 - Log Info
2023-06-01 18:23:41 ERROR ProjectEnd:22 - Log Error
2023-06-01 18:23:41 WARN  ProjectEnd:23 - Log Warn
2023-06-01 18:23:41 FATAL ProjectEnd:24 - Log Fatal
2023-06-01 18:24:54 DEBUG ProjectEnd:20 - Log Debug
2023-06-01 18:24:54 INFO  ProjectEnd:21 - Log Info
2023-06-01 18:24:54 ERROR ProjectEnd:22 - Log Error
2023-06-01 18:24:54 WARN  ProjectEnd:23 - Log Warn
2023-06-01 18:24:54 FATAL ProjectEnd:24 - Log Fatal
2023-06-01 18:25:55 DEBUG ProjectEnd:20 - Log Debug
2023-06-01 18:25:55 INFO  ProjectEnd:21 - Log Info
2023-06-01 18:25:55 ERROR ProjectEnd:22 - Log Error
2023-06-01 18:25:55 WARN  ProjectEnd:23 - Log Warn
2023-06-01 18:25:55 FATAL ProjectEnd:24 - Log Fatal
2023-06-01 18:26:51 DEBUG ProjectEnd:20 - Log Debug
2023-06-01 18:26:51 INFO  ProjectEnd:21 - Log Info
2023-06-01 18:26:51 ERROR ProjectEnd:22 - Log Error
2023-06-01 18:26:51 WARN  ProjectEnd:23 - Log Warn
2023-06-01 18:26:51 FATAL ProjectEnd:24 - Log Fatal
2023-06-01 18:29:49 DEBUG ProjectEnd:20 - Log Debug
2023-06-01 18:29:49 INFO  ProjectEnd:21 - Log Info
2023-06-01 18:29:49 ERROR ProjectEnd:22 - Log Error
2023-06-01 18:29:49 WARN  ProjectEnd:23 - Log Warn
2023-06-01 18:29:49 FATAL ProjectEnd:24 - Log Fatal
2023-06-01 18:31:02 DEBUG ProjectEnd:20 - Log Debug
2023-06-01 18:31:02 INFO  ProjectEnd:21 - Log Info
2023-06-01 18:31:02 ERROR ProjectEnd:22 - Log Error
2023-06-01 18:31:02 WARN  ProjectEnd:23 - Log Warn
2023-06-01 18:31:02 FATAL ProjectEnd:24 - Log Fatal
2023-06-01 18:32:56 DEBUG ProjectEnd:20 - Log Debug
2023-06-01 18:32:56 INFO  ProjectEnd:21 - Log Info
2023-06-01 18:32:56 ERROR ProjectEnd:22 - Log Error
2023-06-01 18:32:56 WARN  ProjectEnd:23 - Log Warn
2023-06-01 18:32:56 FATAL ProjectEnd:24 - Log Fatal
2023-06-01 18:33:31 DEBUG ProjectEnd:20 - Log Debug
2023-06-01 18:33:31 INFO  ProjectEnd:21 - Log Info
2023-06-01 18:33:31 ERROR ProjectEnd:22 - Log Error
2023-06-01 18:33:31 WARN  ProjectEnd:23 - Log Warn
2023-06-01 18:33:31 FATAL ProjectEnd:24 - Log Fatal
