2023-06-04 16:38:00,166 DEBUG ProjectEnd [main] Este es Debug
2023-06-04 16:38:00,169 INFO ProjectEnd [main] Este es Debug
2023-06-04 16:38:00,169 WARN ProjectEnd [main] Este es Debug
2023-06-04 16:38:00,169 ERROR ProjectEnd [main] Este es Debug
2023-06-04 16:38:00,169 FATAL ProjectEnd [main] Este es Debug
2023-06-04 16:42:08,896 DEBUG ProjectEnd [main] 
2023-06-04 16:42:08,911 INFO ProjectEnd [main] 
2023-06-04 16:42:08,911 WARN ProjectEnd [main] 
2023-06-04 16:42:08,911 ERROR ProjectEnd [main] 
2023-06-04 16:42:08,912 FATAL ProjectEnd [main] 
2023-06-04 16:42:47,710 DEBUG ProjectEnd [main] 
2023-06-04 16:42:47,716 INFO ProjectEnd [main] 
2023-06-04 16:42:47,716 WARN ProjectEnd [main] 
2023-06-04 16:42:47,716 ERROR ProjectEnd [main] 
2023-06-04 16:42:47,717 FATAL ProjectEnd [main] 
2023-06-04 16:45:18,173 DEBUG ProjectEnd [main] 
2023-06-04 16:45:18,177 INFO ProjectEnd [main] 
2023-06-04 16:45:18,177 WARN ProjectEnd [main] 
2023-06-04 16:45:18,177 ERROR ProjectEnd [main] 
2023-06-04 16:45:18,177 FATAL ProjectEnd [main] 
2023-06-04 16:48:23,325 DEBUG ProjectEnd [main] 
2023-06-04 16:48:23,329 INFO ProjectEnd [main] 
2023-06-04 16:48:23,329 WARN ProjectEnd [main] 
2023-06-04 16:48:23,329 ERROR ProjectEnd [main] 
2023-06-04 16:48:23,329 FATAL ProjectEnd [main] 
2023-06-04 16:54:42,285 DEBUG ProjectEnd [main] 
2023-06-04 16:54:42,288 INFO ProjectEnd [main] 
2023-06-04 16:54:42,289 WARN ProjectEnd [main] 
2023-06-04 16:54:42,289 ERROR ProjectEnd [main] 
2023-06-04 16:54:42,289 FATAL ProjectEnd [main] 
2023-06-04 17:01:15,407 DEBUG ProjectEnd [main] 
2023-06-04 17:01:15,413 INFO ProjectEnd [main] 
2023-06-04 17:01:15,413 WARN ProjectEnd [main] 
2023-06-04 17:01:15,413 ERROR ProjectEnd [main] 
2023-06-04 17:01:15,413 FATAL ProjectEnd [main] 
2023-06-04 17:02:42,742 DEBUG ProjectEnd [main] 
2023-06-04 17:02:42,746 INFO ProjectEnd [main] 
2023-06-04 17:02:42,746 WARN ProjectEnd [main] 
2023-06-04 17:02:42,746 ERROR ProjectEnd [main] 
2023-06-04 17:02:42,746 FATAL ProjectEnd [main] 
2023-06-04 17:14:51,484 DEBUG ProjectEnd [main] 
2023-06-04 17:14:51,487 INFO ProjectEnd [main] 
2023-06-04 17:14:51,487 WARN ProjectEnd [main] 
2023-06-04 17:14:51,487 ERROR ProjectEnd [main] 
2023-06-04 17:14:51,488 FATAL ProjectEnd [main] 
2023-06-04 17:15:52,216 DEBUG ProjectEnd [main] 
2023-06-04 17:15:52,220 INFO ProjectEnd [main] 
2023-06-04 17:15:52,220 WARN ProjectEnd [main] 
2023-06-04 17:15:52,220 ERROR ProjectEnd [main] 
2023-06-04 17:15:52,220 FATAL ProjectEnd [main] 
2023-06-04 17:17:48,561 DEBUG ProjectEnd [main] 
2023-06-04 17:17:48,566 INFO ProjectEnd [main] 
2023-06-04 17:17:48,566 WARN ProjectEnd [main] 
2023-06-04 17:17:48,566 ERROR ProjectEnd [main] 
2023-06-04 17:17:48,566 FATAL ProjectEnd [main] 
2023-06-04 17:19:04,643 DEBUG ProjectEnd [main] 
2023-06-04 17:19:04,649 INFO ProjectEnd [main] 
2023-06-04 17:19:04,649 WARN ProjectEnd [main] 
2023-06-04 17:19:04,649 ERROR ProjectEnd [main] 
2023-06-04 17:19:04,649 FATAL ProjectEnd [main] 
2023-06-04 17:57:48,688 DEBUG ProjectEnd [main] 
2023-06-04 17:57:48,694 INFO ProjectEnd [main] 
2023-06-04 17:57:48,694 WARN ProjectEnd [main] 
2023-06-04 17:57:48,694 ERROR ProjectEnd [main] 
2023-06-04 17:57:48,694 FATAL ProjectEnd [main] 
2023-06-04 18:03:37,454 DEBUG ProjectEnd [main] 
2023-06-04 18:03:37,480 INFO ProjectEnd [main] 
2023-06-04 18:03:37,481 WARN ProjectEnd [main] 
2023-06-04 18:03:37,481 ERROR ProjectEnd [main] 
2023-06-04 18:03:37,481 FATAL ProjectEnd [main] 
2023-06-04 18:15:02,470 DEBUG ProjectEnd [main] 
2023-06-04 18:15:02,474 INFO ProjectEnd [main] 
2023-06-04 18:15:02,474 WARN ProjectEnd [main] 
2023-06-04 18:15:02,475 ERROR ProjectEnd [main] 
2023-06-04 18:15:02,475 FATAL ProjectEnd [main] 
2023-06-04 18:15:54,471 DEBUG ProjectEnd [main] 
2023-06-04 18:15:54,476 INFO ProjectEnd [main] 
2023-06-04 18:15:54,476 WARN ProjectEnd [main] 
2023-06-04 18:15:54,476 ERROR ProjectEnd [main] 
2023-06-04 18:15:54,476 FATAL ProjectEnd [main] 
2023-06-04 18:17:13,987 DEBUG ProjectEnd [main] 
2023-06-04 18:17:13,991 INFO ProjectEnd [main] 
2023-06-04 18:17:13,991 WARN ProjectEnd [main] 
2023-06-04 18:17:13,991 ERROR ProjectEnd [main] 
2023-06-04 18:17:13,991 FATAL ProjectEnd [main] 
2023-06-04 18:24:57,020 DEBUG ProjectEnd [main] 
2023-06-04 18:24:57,023 INFO ProjectEnd [main] 
2023-06-04 18:24:57,023 WARN ProjectEnd [main] 
2023-06-04 18:24:57,023 ERROR ProjectEnd [main] 
2023-06-04 18:24:57,023 FATAL ProjectEnd [main] 
2023-06-04 18:27:55,090 DEBUG ProjectEnd [main] 
2023-06-04 18:27:55,101 INFO ProjectEnd [main] 
2023-06-04 18:27:55,101 WARN ProjectEnd [main] 
2023-06-04 18:27:55,101 ERROR ProjectEnd [main] 
2023-06-04 18:27:55,101 FATAL ProjectEnd [main] 
2023-06-04 18:31:12,819 DEBUG ProjectEnd [main] 
2023-06-04 18:31:12,823 INFO ProjectEnd [main] 
2023-06-04 18:31:12,823 WARN ProjectEnd [main] 
2023-06-04 18:31:12,823 ERROR ProjectEnd [main] 
2023-06-04 18:31:12,823 FATAL ProjectEnd [main] 
2023-06-04 18:32:17,477 DEBUG ProjectEnd [main] 
2023-06-04 18:32:17,482 INFO ProjectEnd [main] 
2023-06-04 18:32:17,482 WARN ProjectEnd [main] 
2023-06-04 18:32:17,482 ERROR ProjectEnd [main] 
2023-06-04 18:32:17,482 FATAL ProjectEnd [main] 
2023-06-04 18:34:26,816 DEBUG ProjectEnd [main] 
2023-06-04 18:34:26,820 INFO ProjectEnd [main] 
2023-06-04 18:34:26,820 WARN ProjectEnd [main] 
2023-06-04 18:34:26,820 ERROR ProjectEnd [main] 
2023-06-04 18:34:26,820 FATAL ProjectEnd [main] 
2023-06-04 18:36:53,059 DEBUG ProjectEnd [main] 
2023-06-04 18:36:53,062 INFO ProjectEnd [main] 
2023-06-04 18:36:53,063 WARN ProjectEnd [main] 
2023-06-04 18:36:53,063 ERROR ProjectEnd [main] 
2023-06-04 18:36:53,063 FATAL ProjectEnd [main] 
2023-06-04 18:43:18,995 DEBUG ProjectEnd [main] 
2023-06-04 18:43:19,003 INFO ProjectEnd [main] 
2023-06-04 18:43:19,003 WARN ProjectEnd [main] 
2023-06-04 18:43:19,004 ERROR ProjectEnd [main] 
2023-06-04 18:43:19,004 FATAL ProjectEnd [main] 
2023-06-04 18:44:52,756 DEBUG ProjectEnd [main] 
2023-06-04 18:44:52,761 INFO ProjectEnd [main] 
2023-06-04 18:44:52,761 WARN ProjectEnd [main] 
2023-06-04 18:44:52,761 ERROR ProjectEnd [main] 
2023-06-04 18:44:52,761 FATAL ProjectEnd [main] 
2023-06-04 18:46:17,285 DEBUG ProjectEnd [main] 
2023-06-04 18:46:17,288 INFO ProjectEnd [main] 
2023-06-04 18:46:17,288 WARN ProjectEnd [main] 
2023-06-04 18:46:17,288 ERROR ProjectEnd [main] 
2023-06-04 18:46:17,288 FATAL ProjectEnd [main] 
2023-06-04 18:51:30,121 DEBUG ProjectEnd [main] 
2023-06-04 18:51:30,125 INFO ProjectEnd [main] 
2023-06-04 18:51:30,126 WARN ProjectEnd [main] 
2023-06-04 18:51:30,126 ERROR ProjectEnd [main] 
2023-06-04 18:51:30,126 FATAL ProjectEnd [main] 
2023-06-04 18:54:47,607 DEBUG ProjectEnd [main] 
2023-06-04 18:54:47,611 INFO ProjectEnd [main] 
2023-06-04 18:54:47,611 WARN ProjectEnd [main] 
2023-06-04 18:54:47,611 ERROR ProjectEnd [main] 
2023-06-04 18:54:47,611 FATAL ProjectEnd [main] 
2023-06-04 19:11:25,048 DEBUG ProjectEnd [main] 
2023-06-04 19:11:25,054 INFO ProjectEnd [main] 
2023-06-04 19:11:25,054 WARN ProjectEnd [main] 
2023-06-04 19:11:25,054 ERROR ProjectEnd [main] 
2023-06-04 19:11:25,054 FATAL ProjectEnd [main] 
2023-06-04 19:11:34,123 DEBUG ProjectEnd [main] 
2023-06-04 19:11:34,127 INFO ProjectEnd [main] 
2023-06-04 19:11:34,128 WARN ProjectEnd [main] 
2023-06-04 19:11:34,128 ERROR ProjectEnd [main] 
2023-06-04 19:11:34,128 FATAL ProjectEnd [main] 
2023-06-04 19:12:08,612 DEBUG ProjectEnd [main] 
2023-06-04 19:12:08,615 INFO ProjectEnd [main] 
2023-06-04 19:12:08,616 WARN ProjectEnd [main] 
2023-06-04 19:12:08,616 ERROR ProjectEnd [main] 
2023-06-04 19:12:08,616 FATAL ProjectEnd [main] 
2023-06-04 19:16:50,376 DEBUG ProjectEnd [main] 
2023-06-04 19:16:50,376 INFO ProjectEnd [main] 
2023-06-04 19:16:50,376 WARN ProjectEnd [main] 
2023-06-04 19:16:50,391 ERROR ProjectEnd [main] 
2023-06-04 19:16:50,391 FATAL ProjectEnd [main] 
2023-06-04 19:18:30,617 DEBUG ProjectEnd [main] 
2023-06-04 19:18:30,620 INFO ProjectEnd [main] 
2023-06-04 19:18:30,620 WARN ProjectEnd [main] 
2023-06-04 19:18:30,620 ERROR ProjectEnd [main] 
2023-06-04 19:18:30,620 FATAL ProjectEnd [main] 
2023-06-04 19:27:41,572 DEBUG ProjectEnd [main] 
2023-06-04 19:27:41,576 INFO ProjectEnd [main] 
2023-06-04 19:27:41,576 WARN ProjectEnd [main] 
2023-06-04 19:27:41,576 ERROR ProjectEnd [main] 
2023-06-04 19:27:41,576 FATAL ProjectEnd [main] 
2023-06-04 19:27:52,340 DEBUG ProjectEnd [main] 
2023-06-04 19:27:52,346 INFO ProjectEnd [main] 
2023-06-04 19:27:52,346 WARN ProjectEnd [main] 
2023-06-04 19:27:52,346 ERROR ProjectEnd [main] 
2023-06-04 19:27:52,346 FATAL ProjectEnd [main] 
2023-06-04 19:43:51,905 DEBUG ProjectEnd [main] 
2023-06-04 19:43:51,910 INFO ProjectEnd [main] 
2023-06-04 19:43:51,910 WARN ProjectEnd [main] 
2023-06-04 19:43:51,910 ERROR ProjectEnd [main] 
2023-06-04 19:43:51,910 FATAL ProjectEnd [main] 
2023-06-04 19:45:32,008 DEBUG ProjectEnd [main] 
2023-06-04 19:45:32,013 INFO ProjectEnd [main] 
2023-06-04 19:45:32,013 WARN ProjectEnd [main] 
2023-06-04 19:45:32,014 ERROR ProjectEnd [main] 
2023-06-04 19:45:32,014 FATAL ProjectEnd [main] 
2023-06-04 19:46:14,846 DEBUG ProjectEnd [main] 
2023-06-04 19:46:14,851 INFO ProjectEnd [main] 
2023-06-04 19:46:14,852 WARN ProjectEnd [main] 
2023-06-04 19:46:14,852 ERROR ProjectEnd [main] 
2023-06-04 19:46:14,852 FATAL ProjectEnd [main] 
2023-06-04 19:48:16,717 DEBUG ProjectEnd [main] 
2023-06-04 19:48:16,721 INFO ProjectEnd [main] 
2023-06-04 19:48:16,721 WARN ProjectEnd [main] 
2023-06-04 19:48:16,721 ERROR ProjectEnd [main] 
2023-06-04 19:48:16,721 FATAL ProjectEnd [main] 
2023-06-04 19:54:51,251 DEBUG ProjectEnd [main] 
2023-06-04 19:54:51,255 INFO ProjectEnd [main] 
2023-06-04 19:54:51,255 WARN ProjectEnd [main] 
2023-06-04 19:54:51,255 ERROR ProjectEnd [main] 
2023-06-04 19:54:51,255 FATAL ProjectEnd [main] 
2023-06-04 19:55:55,702 DEBUG ProjectEnd [main] 
2023-06-04 19:55:55,706 INFO ProjectEnd [main] 
2023-06-04 19:55:55,706 WARN ProjectEnd [main] 
2023-06-04 19:55:55,707 ERROR ProjectEnd [main] 
2023-06-04 19:55:55,707 FATAL ProjectEnd [main] 
2023-06-04 19:56:43,247 DEBUG ProjectEnd [main] 
2023-06-04 19:56:43,251 INFO ProjectEnd [main] 
2023-06-04 19:56:43,251 WARN ProjectEnd [main] 
2023-06-04 19:56:43,251 ERROR ProjectEnd [main] 
2023-06-04 19:56:43,252 FATAL ProjectEnd [main] 
2023-06-04 20:04:45,007 DEBUG ProjectEnd [main] 
2023-06-04 20:04:45,011 INFO ProjectEnd [main] 
2023-06-04 20:04:45,011 WARN ProjectEnd [main] 
2023-06-04 20:04:45,011 ERROR ProjectEnd [main] 
2023-06-04 20:04:45,012 FATAL ProjectEnd [main] 
2023-06-04 20:38:20,396 DEBUG ProjectEnd [main] 
2023-06-04 20:38:20,400 INFO ProjectEnd [main] 
2023-06-04 20:38:20,400 WARN ProjectEnd [main] 
2023-06-04 20:38:20,401 ERROR ProjectEnd [main] 
2023-06-04 20:38:20,401 FATAL ProjectEnd [main] 
2023-06-04 21:05:51,309 DEBUG ProjectEnd [main] 
2023-06-04 21:05:51,312 INFO ProjectEnd [main] 
2023-06-04 21:05:51,312 WARN ProjectEnd [main] 
2023-06-04 21:05:51,314 ERROR ProjectEnd [main] 
2023-06-04 21:05:51,315 FATAL ProjectEnd [main] 
2023-06-04 21:07:13,110 DEBUG ProjectEnd [main] 
2023-06-04 21:07:13,114 INFO ProjectEnd [main] 
2023-06-04 21:07:13,115 WARN ProjectEnd [main] 
2023-06-04 21:07:13,115 ERROR ProjectEnd [main] 
2023-06-04 21:07:13,115 FATAL ProjectEnd [main] 
2023-06-04 21:07:59,395 DEBUG ProjectEnd [main] 
2023-06-04 21:07:59,398 INFO ProjectEnd [main] 
2023-06-04 21:07:59,399 WARN ProjectEnd [main] 
2023-06-04 21:07:59,399 ERROR ProjectEnd [main] 
2023-06-04 21:07:59,399 FATAL ProjectEnd [main] 
2023-06-04 21:38:43,964 DEBUG ProjectEnd [main] 
2023-06-04 21:38:43,964 INFO ProjectEnd [main] 
2023-06-04 21:38:43,964 WARN ProjectEnd [main] 
2023-06-04 21:38:43,964 ERROR ProjectEnd [main] 
2023-06-04 21:38:43,964 FATAL ProjectEnd [main] 
2023-06-04 21:39:43,243 DEBUG ProjectEnd [main] 
2023-06-04 21:39:43,247 INFO ProjectEnd [main] 
2023-06-04 21:39:43,247 WARN ProjectEnd [main] 
2023-06-04 21:39:43,247 ERROR ProjectEnd [main] 
2023-06-04 21:39:43,247 FATAL ProjectEnd [main] 
2023-06-04 21:40:39,659 DEBUG ProjectEnd [main] 
2023-06-04 21:40:39,667 INFO ProjectEnd [main] 
2023-06-04 21:40:39,667 WARN ProjectEnd [main] 
2023-06-04 21:40:39,668 ERROR ProjectEnd [main] 
2023-06-04 21:40:39,668 FATAL ProjectEnd [main] 
2023-06-04 21:42:01,934 DEBUG ProjectEnd [main] 
2023-06-04 21:42:01,939 INFO ProjectEnd [main] 
2023-06-04 21:42:01,939 WARN ProjectEnd [main] 
2023-06-04 21:42:01,939 ERROR ProjectEnd [main] 
2023-06-04 21:42:01,939 FATAL ProjectEnd [main] 
2023-06-04 21:43:11,343 DEBUG ProjectEnd [main] 
2023-06-04 21:43:11,351 INFO ProjectEnd [main] 
2023-06-04 21:43:11,351 WARN ProjectEnd [main] 
2023-06-04 21:43:11,351 ERROR ProjectEnd [main] 
2023-06-04 21:43:11,351 FATAL ProjectEnd [main] 
2023-06-04 21:46:36,287 DEBUG ProjectEnd [main] 
2023-06-04 21:46:36,290 INFO ProjectEnd [main] 
2023-06-04 21:46:36,291 WARN ProjectEnd [main] 
2023-06-04 21:46:36,291 ERROR ProjectEnd [main] 
2023-06-04 21:46:36,291 FATAL ProjectEnd [main] 
2023-06-04 21:48:01,904 DEBUG ProjectEnd [main] 
2023-06-04 21:48:01,907 INFO ProjectEnd [main] 
2023-06-04 21:48:01,907 WARN ProjectEnd [main] 
2023-06-04 21:48:01,907 ERROR ProjectEnd [main] 
2023-06-04 21:48:01,907 FATAL ProjectEnd [main] 
